{"numFailedTestSuites":0,"numFailedTests":0,"numPassedTestSuites":4,"numPassedTests":5,"numPendingTestSuites":0,"numPendingTests":0,"numRuntimeErrorTestSuites":0,"numTodoTests":0,"numTotalTestSuites":4,"numTotalTests":5,"openHandles":[],"snapshot":{"added":0,"didUpdate":false,"failure":false,"filesAdded":0,"filesRemoved":0,"filesRemovedList":[],"filesUnmatched":0,"filesUpdated":0,"matched":0,"total":0,"unchecked":0,"uncheckedKeysByFile":[],"unmatched":0,"updated":0},"startTime":1755932813652,"success":true,"testResults":[{"assertionResults":[{"ancestorTitles":["Paddle webhook route"],"duration":17,"failing":false,"failureDetails":[],"failureMessages":[],"fullName":"Paddle webhook route saves webhook and unified transaction for successful payment","invocations":1,"location":null,"numPassingAsserts":6,"retryReasons":[],"startAt":1755932814829,"status":"passed","title":"saves webhook and unified transaction for successful payment"}],"endTime":1755932814850,"message":"","name":"C:\\Users\\Admin\\Desktop\\testing paystack\\AmiinFX\\__tests__\\paddle.webhook.test.ts","startTime":1755932813853,"status":"passed","summary":""},{"assertionResults":[{"ancestorTitles":["paddle helper"],"duration":3,"failing":false,"failureDetails":[],"failureMessages":[],"fullName":"paddle helper canonicalizePayload stable ordering","invocations":1,"location":null,"numPassingAsserts":1,"retryReasons":[],"startAt":1755932815068,"status":"passed","title":"canonicalizePayload stable ordering"},{"ancestorTitles":["paddle helper"],"duration":1,"failing":false,"failureDetails":[],"failureMessages":[],"fullName":"paddle helper verifyPaddleSignature returns false with missing key","invocations":1,"location":null,"numPassingAsserts":1,"retryReasons":[],"startAt":1755932815072,"status":"passed","title":"verifyPaddleSignature returns false with missing key"}],"endTime":1755932815076,"message":"","name":"C:\\Users\\Admin\\Desktop\\testing paystack\\AmiinFX\\__tests__\\paddle.test.ts","startTime":1755932814871,"status":"passed","summary":""},{"assertionResults":[{"ancestorTitles":[],"duration":2,"failing":false,"failureDetails":[],"failureMessages":[],"fullName":"AdminLogin file exists and exports default","invocations":1,"location":null,"numPassingAsserts":1,"retryReasons":[],"startAt":1755932815257,"status":"passed","title":"AdminLogin file exists and exports default"}],"endTime":1755932815261,"message":"","name":"C:\\Users\\Admin\\Desktop\\testing paystack\\AmiinFX\\__tests__\\admin-login.test.tsx","startTime":1755932815093,"status":"passed","summary":""},{"assertionResults":[{"ancestorTitles":["sum"],"duration":1,"failing":false,"failureDetails":[],"failureMessages":[],"fullName":"sum adds two numbers","invocations":1,"location":null,"numPassingAsserts":1,"retryReasons":[],"startAt":1755932815468,"status":"passed","title":"adds two numbers"}],"endTime":1755932815471,"message":"","name":"C:\\Users\\Admin\\Desktop\\testing paystack\\AmiinFX\\__tests__\\utils.test.ts","startTime":1755932815279,"status":"passed","summary":""}],"wasInterrupted":false}
